Info: Starting: Create block symbol file (.bsf)
Info: ip-generate --project-directory=/home/vigas/Apollo/Apollo_4 --output-directory=/home/vigas/Apollo/Apollo_4/IntrumentUnit --report-file=bsf:/home/vigas/Apollo/Apollo_4/IntrumentUnit/IntrumentUnit.bsf --system-info=DEVICE_FAMILY="Cyclone V" --system-info=DEVICE=5CSXFC6D6F31C8ES --system-info=DEVICE_SPEEDGRADE=8_H6 --component-file=/home/vigas/Apollo/Apollo_4/IntrumentUnit.qsys --remove-qsys-generate-warning
Progress: Loading Apollo_4/IntrumentUnit.qsys
Progress: Reading input file
Progress: Adding Space_0 [Space 1.0]
Progress: Parameterizing module Space_0
Progress: Adding clk_0 [clock_source 14.1]
Progress: Parameterizing module clk_0
Progress: Adding hps_0 [altera_hps 14.1]
Progress: Parameterizing module hps_0
Progress: Adding onchip_memory2_0 [altera_avalon_onchip_memory2 14.1]
Progress: Parameterizing module onchip_memory2_0
Progress: Building connections
Progress: Parameterizing connections
Progress: Validating
Progress: Done reading input file
Info: IntrumentUnit.hps_0: HPS Main PLL counter settings: n = 0  m = 31
Info: IntrumentUnit.hps_0: HPS peripherial PLL counter settings: n = 0  m = 19
Warning: IntrumentUnit.hps_0: set_interface_assignment: Interface "hps_io" does not exist
Info: ip-generate succeeded.
Info: Finished: Create block symbol file (.bsf)
Info: 
Info: Starting: Create HDL design files for synthesis
Info: ip-generate --project-directory=/home/vigas/Apollo/Apollo_4 --output-directory=/home/vigas/Apollo/Apollo_4/IntrumentUnit/synthesis --file-set=QUARTUS_SYNTH --report-file=html:/home/vigas/Apollo/Apollo_4/IntrumentUnit/IntrumentUnit.html --report-file=sopcinfo:/home/vigas/Apollo/Apollo_4/IntrumentUnit.sopcinfo --report-file=cmp:/home/vigas/Apollo/Apollo_4/IntrumentUnit/IntrumentUnit.cmp --report-file=qip:/home/vigas/Apollo/Apollo_4/IntrumentUnit/synthesis/IntrumentUnit.qip --report-file=svd:/home/vigas/Apollo/Apollo_4/IntrumentUnit/synthesis/IntrumentUnit.svd --report-file=regmap:/home/vigas/Apollo/Apollo_4/IntrumentUnit/synthesis/IntrumentUnit.regmap --report-file=xml:/home/vigas/Apollo/Apollo_4/IntrumentUnit/IntrumentUnit.xml --report-file=debuginfo:/home/vigas/Apollo/Apollo_4/IntrumentUnit/synthesis/IntrumentUnit.debuginfo --system-info=DEVICE_FAMILY="Cyclone V" --system-info=DEVICE=5CSXFC6D6F31C8ES --system-info=DEVICE_SPEEDGRADE=8_H6 --component-file=/home/vigas/Apollo/Apollo_4/IntrumentUnit.qsys --remove-qsys-generate-warning --language=VHDL
Progress: Loading Apollo_4/IntrumentUnit.qsys
Progress: Reading input file
Progress: Adding Space_0 [Space 1.0]
Progress: Parameterizing module Space_0
Progress: Adding clk_0 [clock_source 14.1]
Progress: Parameterizing module clk_0
Progress: Adding hps_0 [altera_hps 14.1]
Progress: Parameterizing module hps_0
Progress: Adding onchip_memory2_0 [altera_avalon_onchip_memory2 14.1]
Progress: Parameterizing module onchip_memory2_0
Progress: Building connections
Progress: Parameterizing connections
Progress: Validating
Progress: Done reading input file
Info: IntrumentUnit.hps_0: HPS Main PLL counter settings: n = 0  m = 31
Info: IntrumentUnit.hps_0: HPS peripherial PLL counter settings: n = 0  m = 19
Warning: IntrumentUnit.hps_0: set_interface_assignment: Interface "hps_io" does not exist
Info: IntrumentUnit: Generating IntrumentUnit "IntrumentUnit" for QUARTUS_SYNTH
Info: Interconnect is inserted between master Space_0.avalon_master and slave onchip_memory2_0.s2 because the master has address signal 32 bit wide, but the slave is 19 bit wide.
Info: Interconnect is inserted between master Space_0.avalon_master and slave onchip_memory2_0.s2 because the master has read signal 1 bit wide, but the slave is 0 bit wide.
Info: Interconnect is inserted between master Space_0.avalon_master and slave onchip_memory2_0.s2 because the master has waitrequest signal 1 bit wide, but the slave is 0 bit wide.
Info: Interconnect is inserted between master hps_0.h2f_lw_axi_master and slave onchip_memory2_0.s1 because the master is of type axi and the slave is of type avalon.
Info: Space_0: "IntrumentUnit" instantiated Space "Space_0"
Info: hps_0: "Running  for module: hps_0"
Info: hps_0: HPS Main PLL counter settings: n = 0  m = 31
Info: hps_0: HPS peripherial PLL counter settings: n = 0  m = 19
Warning: hps_0: set_interface_assignment: Interface "hps_io" does not exist
Info: hps_0: "IntrumentUnit" instantiated altera_hps "hps_0"
Info: onchip_memory2_0: Starting RTL generation for module 'IntrumentUnit_onchip_memory2_0'
Info: onchip_memory2_0:   Generation command is [exec /home/vigas/altera/14.1/quartus/linux64/perl/bin/perl -I /home/vigas/altera/14.1/quartus/linux64/perl/lib -I /home/vigas/altera/14.1/quartus/sopc_builder/bin/europa -I /home/vigas/altera/14.1/quartus/sopc_builder/bin/perl_lib -I /home/vigas/altera/14.1/quartus/sopc_builder/bin -I /home/vigas/altera/14.1/quartus/../ip/altera/sopc_builder_ip/common -I /home/vigas/altera/14.1/quartus/../ip/altera/sopc_builder_ip/altera_avalon_onchip_memory2 -- /home/vigas/altera/14.1/quartus/../ip/altera/sopc_builder_ip/altera_avalon_onchip_memory2/generate_rtl.pl --name=IntrumentUnit_onchip_memory2_0 --dir=/tmp/alt6552_3763652030858265999.dir/0004_onchip_memory2_0_gen/ --quartus_dir=/home/vigas/altera/14.1/quartus --verilog --config=/tmp/alt6552_3763652030858265999.dir/0004_onchip_memory2_0_gen//IntrumentUnit_onchip_memory2_0_component_configuration.pl  --do_build_sim=0  ]
Info: onchip_memory2_0: Done RTL generation for module 'IntrumentUnit_onchip_memory2_0'
Info: onchip_memory2_0: "IntrumentUnit" instantiated altera_avalon_onchip_memory2 "onchip_memory2_0"
Info: mm_interconnect_0: "IntrumentUnit" instantiated altera_mm_interconnect "mm_interconnect_0"
Info: mm_interconnect_1: "IntrumentUnit" instantiated altera_mm_interconnect "mm_interconnect_1"
Info: rst_controller: "IntrumentUnit" instantiated altera_reset_controller "rst_controller"
Info: fpga_interfaces: "hps_0" instantiated altera_interface_generator "fpga_interfaces"
Info: hps_io: "hps_0" instantiated altera_hps_io "hps_io"
Info: Space_0_avalon_master_translator: "mm_interconnect_0" instantiated altera_merlin_master_translator "Space_0_avalon_master_translator"
Info: onchip_memory2_0_s2_translator: "mm_interconnect_0" instantiated altera_merlin_slave_translator "onchip_memory2_0_s2_translator"
Info: hps_0_h2f_lw_axi_master_agent: "mm_interconnect_1" instantiated altera_merlin_axi_master_ni "hps_0_h2f_lw_axi_master_agent"
Info: onchip_memory2_0_s1_agent: "mm_interconnect_1" instantiated altera_merlin_slave_agent "onchip_memory2_0_s1_agent"
Info: onchip_memory2_0_s1_agent_rsp_fifo: "mm_interconnect_1" instantiated altera_avalon_sc_fifo "onchip_memory2_0_s1_agent_rsp_fifo"
Info: router: "mm_interconnect_1" instantiated altera_merlin_router "router"
Info: router_002: "mm_interconnect_1" instantiated altera_merlin_router "router_002"
Info: onchip_memory2_0_s1_burst_adapter: "mm_interconnect_1" instantiated altera_merlin_burst_adapter "onchip_memory2_0_s1_burst_adapter"
Info: Reusing file /home/vigas/Apollo/Apollo_4/IntrumentUnit/synthesis/submodules/altera_merlin_address_alignment.sv
Info: cmd_demux: "mm_interconnect_1" instantiated altera_merlin_demultiplexer "cmd_demux"
Info: cmd_mux: "mm_interconnect_1" instantiated altera_merlin_multiplexer "cmd_mux"
Info: rsp_demux: "mm_interconnect_1" instantiated altera_merlin_demultiplexer "rsp_demux"
Info: rsp_mux: "mm_interconnect_1" instantiated altera_merlin_multiplexer "rsp_mux"
Info: Reusing file /home/vigas/Apollo/Apollo_4/IntrumentUnit/synthesis/submodules/altera_merlin_arbitrator.sv
Info: border: "hps_io" instantiated altera_interface_generator "border"
Info: IntrumentUnit: Done "IntrumentUnit" with 22 modules, 78 files
Info: ip-generate succeeded.
Info: Finished: Create HDL design files for synthesis
