Assembler report for Apollo_2
Mon Apr 13 10:38:57 2015
Quartus II 64-Bit Version 14.1.0 Build 186 12/03/2014 Patches 0.19 SJ Web Edition


---------------------
; Table of Contents ;
---------------------
  1. Legal Notice
  2. Assembler Summary
  3. Assembler Settings
  4. Assembler Generated Files
  5. Assembler Device Options: Apollo_2.sof
  6. Assembler Messages



----------------
; Legal Notice ;
----------------
Copyright (C) 1991-2014 Altera Corporation. All rights reserved.
Your use of Altera Corporation's design tools, logic functions 
and other software and tools, and its AMPP partner logic 
functions, and any output files from any of the foregoing 
(including device programming or simulation files), and any 
associated documentation or information are expressly subject 
to the terms and conditions of the Altera Program License 
Subscription Agreement, the Altera Quartus II License Agreement,
the Altera MegaCore Function License Agreement, or other 
applicable license agreement, including, without limitation, 
that your use is for the sole purpose of programming logic 
devices manufactured by Altera and sold by Altera or its 
authorized distributors.  Please refer to the applicable 
agreement for further details.



+---------------------------------------------------------------+
; Assembler Summary                                             ;
+-----------------------+---------------------------------------+
; Assembler Status      ; Successful - Mon Apr 13 10:38:57 2015 ;
; Revision Name         ; Apollo_2                              ;
; Top-level Entity Name ; InstrumentUnit                        ;
; Family                ; Cyclone V                             ;
; Device                ; 5CSXFC6D6F31C8ES                      ;
+-----------------------+---------------------------------------+


+----------------------------------+
; Assembler Settings               ;
+--------+---------+---------------+
; Option ; Setting ; Default Value ;
+--------+---------+---------------+


+---------------------------+
; Assembler Generated Files ;
+---------------------------+
; File Name                 ;
+---------------------------+
; Apollo_2.sof              ;
+---------------------------+


+----------------------------------------+
; Assembler Device Options: Apollo_2.sof ;
+----------------+-----------------------+
; Option         ; Setting               ;
+----------------+-----------------------+
; Device         ; 5CSXFC6D6F31C8ES      ;
; JTAG usercode  ; 0x00B67B91            ;
; Checksum       ; 0x00B67B91            ;
+----------------+-----------------------+


+--------------------+
; Assembler Messages ;
+--------------------+
Info: *******************************************************************
Info: Running Quartus II 64-Bit Assembler
    Info: Version 14.1.0 Build 186 12/03/2014 Patches 0.19 SJ Web Edition
    Info: Processing started: Mon Apr 13 10:38:38 2015
Info: Command: quartus_asm --read_settings_files=off --write_settings_files=off Apollo_2 -c Apollo_2
Info (115030): Assembler is generating device programming files
Warning (11713): The configuration of the Hard Processor Subsystem (HPS) within this design has changed.
The Preloader software that initializes the HPS requires an update.
Using hps_isw_handoff/InstrumentUnit_hps_0/, run the Preloader Support Package Generator to update your Preloader software
Info: Quartus II 64-Bit Assembler was successful. 0 errors, 1 warning
    Info: Peak virtual memory: 1028 megabytes
    Info: Processing ended: Mon Apr 13 10:38:57 2015
    Info: Elapsed time: 00:00:19
    Info: Total CPU time (on all processors): 00:00:16


