Flow report for Apollo_2
Mon Apr 13 10:39:48 2015
Quartus II 64-Bit Version 14.1.0 Build 186 12/03/2014 Patches 0.19 SJ Web Edition


---------------------
; Table of Contents ;
---------------------
  1. Legal Notice
  2. Flow Summary
  3. Flow Settings
  4. Flow Non-Default Global Settings
  5. Flow Elapsed Time
  6. Flow OS Summary
  7. Flow Log
  8. Flow Messages
  9. Flow Suppressed Messages



----------------
; Legal Notice ;
----------------
Copyright (C) 1991-2014 Altera Corporation. All rights reserved.
Your use of Altera Corporation's design tools, logic functions 
and other software and tools, and its AMPP partner logic 
functions, and any output files from any of the foregoing 
(including device programming or simulation files), and any 
associated documentation or information are expressly subject 
to the terms and conditions of the Altera Program License 
Subscription Agreement, the Altera Quartus II License Agreement,
the Altera MegaCore Function License Agreement, or other 
applicable license agreement, including, without limitation, 
that your use is for the sole purpose of programming logic 
devices manufactured by Altera and sold by Altera or its 
authorized distributors.  Please refer to the applicable 
agreement for further details.



+-------------------------------------------------------------------------------------------+
; Flow Summary                                                                              ;
+---------------------------------+---------------------------------------------------------+
; Flow Status                     ; Successful - Mon Apr 13 10:39:48 2015                   ;
; Quartus II 64-Bit Version       ; 14.1.0 Build 186 12/03/2014 Patches 0.19 SJ Web Edition ;
; Revision Name                   ; Apollo_2                                                ;
; Top-level Entity Name           ; InstrumentUnit                                          ;
; Family                          ; Cyclone V                                               ;
; Device                          ; 5CSXFC6D6F31C8ES                                        ;
; Timing Models                   ; Preliminary                                             ;
; Logic utilization (in ALMs)     ; 196 / 41,910 ( < 1 % )                                  ;
; Total registers                 ; 281                                                     ;
; Total pins                      ; 43 / 499 ( 9 % )                                        ;
; Total virtual pins              ; 0                                                       ;
; Total block memory bits         ; 0 / 5,662,720 ( 0 % )                                   ;
; Total DSP Blocks                ; 0 / 112 ( 0 % )                                         ;
; Total HSSI RX PCSs              ; 0 / 9 ( 0 % )                                           ;
; Total HSSI PMA RX Deserializers ; 0 / 9 ( 0 % )                                           ;
; Total HSSI TX PCSs              ; 0 / 9 ( 0 % )                                           ;
; Total HSSI PMA TX Serializers   ; 0 / 9 ( 0 % )                                           ;
; Total PLLs                      ; 0 / 15 ( 0 % )                                          ;
; Total DLLs                      ; 1 / 4 ( 25 % )                                          ;
+---------------------------------+---------------------------------------------------------+


+-----------------------------------------+
; Flow Settings                           ;
+-------------------+---------------------+
; Option            ; Setting             ;
+-------------------+---------------------+
; Start date & time ; 04/13/2015 10:33:16 ;
; Main task         ; Compilation         ;
; Revision Name     ; Apollo_2            ;
+-------------------+---------------------+


+---------------------------------------------------------------------------------------------------------------------------------+
; Flow Non-Default Global Settings                                                                                                ;
+---------------------------------------+---------------------------------------+---------------+----------------+----------------+
; Assignment Name                       ; Value                                 ; Default Value ; Entity Name    ; Section Id     ;
+---------------------------------------+---------------------------------------+---------------+----------------+----------------+
; COMPILER_SIGNATURE_ID                 ; 0.142893199605323                     ; --            ; --             ; --             ;
; ECO_REGENERATE_REPORT                 ; On                                    ; Off           ; --             ; --             ;
; EDA_OUTPUT_DATA_FORMAT                ; Vhdl                                  ; --            ; --             ; eda_simulation ;
; EDA_SIMULATION_TOOL                   ; ModelSim-Altera (VHDL)                ; <None>        ; --             ; --             ;
; MAX_CORE_JUNCTION_TEMP                ; 85                                    ; --            ; --             ; --             ;
; MIN_CORE_JUNCTION_TEMP                ; 0                                     ; --            ; --             ; --             ;
; PARTITION_COLOR                       ; 16764057                              ; --            ; Apollo_13      ; Top            ;
; PARTITION_COLOR                       ; 16764057                              ; --            ; InstrumentUnit ; Top            ;
; PARTITION_COLOR                       ; 16764057                              ; --            ; demo           ; Top            ;
; PARTITION_FITTER_PRESERVATION_LEVEL   ; PLACEMENT_AND_ROUTING                 ; --            ; Apollo_13      ; Top            ;
; PARTITION_FITTER_PRESERVATION_LEVEL   ; PLACEMENT_AND_ROUTING                 ; --            ; InstrumentUnit ; Top            ;
; PARTITION_FITTER_PRESERVATION_LEVEL   ; PLACEMENT_AND_ROUTING                 ; --            ; demo           ; Top            ;
; PARTITION_NETLIST_TYPE                ; SOURCE                                ; --            ; Apollo_13      ; Top            ;
; PARTITION_NETLIST_TYPE                ; SOURCE                                ; --            ; InstrumentUnit ; Top            ;
; PARTITION_NETLIST_TYPE                ; SOURCE                                ; --            ; demo           ; Top            ;
; POWER_BOARD_THERMAL_MODEL             ; None (CONSERVATIVE)                   ; --            ; --             ; --             ;
; POWER_PRESET_COOLING_SOLUTION         ; 23 MM HEAT SINK WITH 200 LFPM AIRFLOW ; --            ; --             ; --             ;
; PROJECT_OUTPUT_DIRECTORY              ; output_files                          ; --            ; --             ; --             ;
; TOP_LEVEL_ENTITY                      ; InstrumentUnit                        ; Apollo_2      ; --             ; --             ;
; USE_DLL_FREQUENCY_FOR_DQS_DELAY_CHAIN ; On                                    ; Off           ; --             ; --             ;
+---------------------------------------+---------------------------------------+---------------+----------------+----------------+


+-------------------------------------------------------------------------------------------------------------------------------+
; Flow Elapsed Time                                                                                                             ;
+---------------------------+--------------+-------------------------+---------------------+------------------------------------+
; Module Name               ; Elapsed Time ; Average Processors Used ; Peak Virtual Memory ; Total CPU Time (on all processors) ;
+---------------------------+--------------+-------------------------+---------------------+------------------------------------+
; Analysis & Synthesis      ; 00:01:55     ; 1.0                     ; 1192 MB             ; 00:04:05                           ;
; Fitter                    ; 00:02:52     ; 1.0                     ; 2592 MB             ; 00:02:18                           ;
; Assembler                 ; 00:00:19     ; 1.0                     ; 1028 MB             ; 00:00:16                           ;
; TimeQuest Timing Analyzer ; 00:00:39     ; 1.0                     ; 1892 MB             ; 00:00:35                           ;
; EDA Netlist Writer        ; 00:00:03     ; 1.0                     ; 1241 MB             ; 00:00:02                           ;
; Total                     ; 00:05:48     ; --                      ; --                  ; 00:07:16                           ;
+---------------------------+--------------+-------------------------+---------------------+------------------------------------+


+------------------------------------------------------------------------------------------+
; Flow OS Summary                                                                          ;
+---------------------------+------------------+-------------+------------+----------------+
; Module Name               ; Machine Hostname ; OS Name     ; OS Version ; Processor type ;
+---------------------------+------------------+-------------+------------+----------------+
; Analysis & Synthesis      ; fl-eln-lpde-04   ; Fedora Core ; 20         ; x86_64         ;
; Fitter                    ; fl-eln-lpde-04   ; Fedora Core ; 20         ; x86_64         ;
; Assembler                 ; fl-eln-lpde-04   ; Fedora Core ; 20         ; x86_64         ;
; TimeQuest Timing Analyzer ; fl-eln-lpde-04   ; Fedora Core ; 20         ; x86_64         ;
; EDA Netlist Writer        ; fl-eln-lpde-04   ; Fedora Core ; 20         ; x86_64         ;
+---------------------------+------------------+-------------+------------+----------------+


------------
; Flow Log ;
------------
quartus_map --read_settings_files=on --write_settings_files=off Apollo_2 -c Apollo_2
quartus_fit --read_settings_files=off --write_settings_files=off Apollo_2 -c Apollo_2
quartus_asm --read_settings_files=off --write_settings_files=off Apollo_2 -c Apollo_2
quartus_sta Apollo_2 -c Apollo_2
quartus_eda --read_settings_files=off --write_settings_files=off Apollo_2 -c Apollo_2



