Flow report for Apollo_4
Mon Apr 27 12:58:54 2015
Quartus II 64-Bit Version 14.1.0 Build 186 12/03/2014 Patches 0.19 SJ Web Edition


---------------------
; Table of Contents ;
---------------------
  1. Legal Notice
  2. Flow Summary
  3. Flow Settings
  4. Flow Non-Default Global Settings
  5. Flow Elapsed Time
  6. Flow OS Summary
  7. Flow Log
  8. Flow Messages
  9. Flow Suppressed Messages



----------------
; Legal Notice ;
----------------
Copyright (C) 1991-2014 Altera Corporation. All rights reserved.
Your use of Altera Corporation's design tools, logic functions 
and other software and tools, and its AMPP partner logic 
functions, and any output files from any of the foregoing 
(including device programming or simulation files), and any 
associated documentation or information are expressly subject 
to the terms and conditions of the Altera Program License 
Subscription Agreement, the Altera Quartus II License Agreement,
the Altera MegaCore Function License Agreement, or other 
applicable license agreement, including, without limitation, 
that your use is for the sole purpose of programming logic 
devices manufactured by Altera and sold by Altera or its 
authorized distributors.  Please refer to the applicable 
agreement for further details.



+-------------------------------------------------------------------------------------------+
; Flow Summary                                                                              ;
+---------------------------------+---------------------------------------------------------+
; Flow Status                     ; Flow Failed - Mon Apr 27 12:58:46 2015                  ;
; Quartus II 64-Bit Version       ; 14.1.0 Build 186 12/03/2014 Patches 0.19 SJ Web Edition ;
; Revision Name                   ; Apollo_4                                                ;
; Top-level Entity Name           ; IntrumentUnit                                           ;
; Family                          ; Cyclone V                                               ;
; Device                          ; 5CSXFC6D6F31C8ES                                        ;
; Timing Models                   ; Preliminary                                             ;
; Logic utilization (in ALMs)     ; 760 / 41,910 ( 2 % )                                    ;
; Total registers                 ; 464                                                     ;
; Total pins                      ; 68 / 499 ( 14 % )                                       ;
; Total virtual pins              ; 0                                                       ;
; Total block memory bits         ; 16,777,216 / 5,662,720 ( 296 % )                        ;
; Total DSP Blocks                ; 0 / 112 ( 0 % )                                         ;
; Total HSSI RX PCSs              ; 0 / 9 ( 0 % )                                           ;
; Total HSSI PMA RX Deserializers ; 0 / 9 ( 0 % )                                           ;
; Total HSSI TX PCSs              ; 0 / 9 ( 0 % )                                           ;
; Total HSSI PMA TX Serializers   ; 0 / 9 ( 0 % )                                           ;
; Total PLLs                      ; 0 / 15 ( 0 % )                                          ;
; Total DLLs                      ; 1 / 4 ( 25 % )                                          ;
+---------------------------------+---------------------------------------------------------+


+-----------------------------------------+
; Flow Settings                           ;
+-------------------+---------------------+
; Option            ; Setting             ;
+-------------------+---------------------+
; Start date & time ; 04/27/2015 12:52:43 ;
; Main task         ; Compilation         ;
; Revision Name     ; Apollo_4            ;
+-------------------+---------------------+


+--------------------------------------------------------------------------------------------------------------------------------+
; Flow Non-Default Global Settings                                                                                               ;
+---------------------------------------+---------------------------------------+---------------+---------------+----------------+
; Assignment Name                       ; Value                                 ; Default Value ; Entity Name   ; Section Id     ;
+---------------------------------------+---------------------------------------+---------------+---------------+----------------+
; COMPILER_SIGNATURE_ID                 ; 0.143014996002962                     ; --            ; --            ; --             ;
; ECO_REGENERATE_REPORT                 ; On                                    ; Off           ; --            ; --             ;
; EDA_OUTPUT_DATA_FORMAT                ; Vhdl                                  ; --            ; --            ; eda_simulation ;
; EDA_SIMULATION_TOOL                   ; ModelSim-Altera (VHDL)                ; <None>        ; --            ; --             ;
; MAX_CORE_JUNCTION_TEMP                ; 85                                    ; --            ; --            ; --             ;
; MIN_CORE_JUNCTION_TEMP                ; 0                                     ; --            ; --            ; --             ;
; PARTITION_COLOR                       ; 16764057                              ; --            ; IntrumentUnit ; Top            ;
; PARTITION_FITTER_PRESERVATION_LEVEL   ; PLACEMENT_AND_ROUTING                 ; --            ; IntrumentUnit ; Top            ;
; PARTITION_NETLIST_TYPE                ; SOURCE                                ; --            ; IntrumentUnit ; Top            ;
; POWER_BOARD_THERMAL_MODEL             ; None (CONSERVATIVE)                   ; --            ; --            ; --             ;
; POWER_PRESET_COOLING_SOLUTION         ; 23 MM HEAT SINK WITH 200 LFPM AIRFLOW ; --            ; --            ; --             ;
; PROJECT_OUTPUT_DIRECTORY              ; output_files                          ; --            ; --            ; --             ;
; TOP_LEVEL_ENTITY                      ; IntrumentUnit                         ; Apollo_4      ; --            ; --             ;
; USE_DLL_FREQUENCY_FOR_DQS_DELAY_CHAIN ; On                                    ; Off           ; --            ; --             ;
+---------------------------------------+---------------------------------------+---------------+---------------+----------------+


+--------------------------------------------------------------------------------------------------------------------------+
; Flow Elapsed Time                                                                                                        ;
+----------------------+--------------+-------------------------+---------------------+------------------------------------+
; Module Name          ; Elapsed Time ; Average Processors Used ; Peak Virtual Memory ; Total CPU Time (on all processors) ;
+----------------------+--------------+-------------------------+---------------------+------------------------------------+
; Analysis & Synthesis ; 00:02:58     ; 1.0                     ; 1350 MB             ; 00:05:22                           ;
; Fitter               ; 00:02:54     ; 1.0                     ; 2249 MB             ; 00:02:27                           ;
; Total                ; 00:05:52     ; --                      ; --                  ; 00:07:49                           ;
+----------------------+--------------+-------------------------+---------------------+------------------------------------+


+-------------------------------------------------------------------------------------+
; Flow OS Summary                                                                     ;
+----------------------+------------------+-------------+------------+----------------+
; Module Name          ; Machine Hostname ; OS Name     ; OS Version ; Processor type ;
+----------------------+------------------+-------------+------------+----------------+
; Analysis & Synthesis ; fl-eln-lpde-04   ; Fedora Core ; 20         ; x86_64         ;
; Fitter               ; fl-eln-lpde-04   ; Fedora Core ; 20         ; x86_64         ;
+----------------------+------------------+-------------+------------+----------------+


------------
; Flow Log ;
------------
quartus_map --read_settings_files=on --write_settings_files=off Apollo_4 -c Apollo_4
quartus_fit --read_settings_files=off --write_settings_files=off Apollo_4 -c Apollo_4



