Flow report for Apollo_8
Fri May  8 19:45:07 2015
Quartus II 64-Bit Version 14.1.1 Build 190 01/19/2015 SJ Full Version


---------------------
; Table of Contents ;
---------------------
  1. Legal Notice
  2. Flow Summary
  3. Flow Settings
  4. Flow Non-Default Global Settings
  5. Flow Elapsed Time
  6. Flow OS Summary
  7. Flow Log
  8. Flow Messages
  9. Flow Suppressed Messages



----------------
; Legal Notice ;
----------------
Copyright (C) 1991-2015 Altera Corporation. All rights reserved.
Your use of Altera Corporation's design tools, logic functions 
and other software and tools, and its AMPP partner logic 
functions, and any output files from any of the foregoing 
(including device programming or simulation files), and any 
associated documentation or information are expressly subject 
to the terms and conditions of the Altera Program License 
Subscription Agreement, the Altera Quartus II License Agreement,
the Altera MegaCore Function License Agreement, or other 
applicable license agreement, including, without limitation, 
that your use is for the sole purpose of programming logic 
devices manufactured by Altera and sold by Altera or its 
authorized distributors.  Please refer to the applicable 
agreement for further details.



+-------------------------------------------------------------------------------+
; Flow Summary                                                                  ;
+---------------------------------+---------------------------------------------+
; Flow Status                     ; Successful - Fri May  8 19:45:07 2015       ;
; Quartus II 64-Bit Version       ; 14.1.1 Build 190 01/19/2015 SJ Full Version ;
; Revision Name                   ; Apollo_8                                    ;
; Top-level Entity Name           ; InstrumentUnit                              ;
; Family                          ; Cyclone V                                   ;
; Device                          ; 5CSXFC6D6F31C8ES                            ;
; Timing Models                   ; Preliminary                                 ;
; Logic utilization (in ALMs)     ; 2,185 / 41,910 ( 5 % )                      ;
; Total registers                 ; 3200                                        ;
; Total pins                      ; 111 / 499 ( 22 % )                          ;
; Total virtual pins              ; 0                                           ;
; Total block memory bits         ; 207,360 / 5,662,720 ( 4 % )                 ;
; Total DSP Blocks                ; 0 / 112 ( 0 % )                             ;
; Total HSSI RX PCSs              ; 0 / 9 ( 0 % )                               ;
; Total HSSI PMA RX Deserializers ; 0 / 9 ( 0 % )                               ;
; Total HSSI TX PCSs              ; 0 / 9 ( 0 % )                               ;
; Total HSSI PMA TX Serializers   ; 0 / 9 ( 0 % )                               ;
; Total PLLs                      ; 1 / 15 ( 7 % )                              ;
; Total DLLs                      ; 2 / 4 ( 50 % )                              ;
+---------------------------------+---------------------------------------------+


+-----------------------------------------+
; Flow Settings                           ;
+-------------------+---------------------+
; Option            ; Setting             ;
+-------------------+---------------------+
; Start date & time ; 05/08/2015 19:37:43 ;
; Main task         ; Compilation         ;
; Revision Name     ; Apollo_8            ;
+-------------------+---------------------+


+---------------------------------------------------------------------------------------------------------------------------------+
; Flow Non-Default Global Settings                                                                                                ;
+---------------------------------------+---------------------------------------+---------------+----------------+----------------+
; Assignment Name                       ; Value                                 ; Default Value ; Entity Name    ; Section Id     ;
+---------------------------------------+---------------------------------------+---------------+----------------+----------------+
; AUTO_EXPORT_INCREMENTAL_COMPILATION   ; On                                    ; Off           ; --             ; --             ;
; COMPILER_SIGNATURE_ID                 ; 0.143112466103883                     ; --            ; --             ; --             ;
; ECO_REGENERATE_REPORT                 ; On                                    ; Off           ; --             ; --             ;
; EDA_OUTPUT_DATA_FORMAT                ; Vhdl                                  ; --            ; --             ; eda_simulation ;
; EDA_SIMULATION_TOOL                   ; ModelSim-Altera (VHDL)                ; <None>        ; --             ; --             ;
; MAX_CORE_JUNCTION_TEMP                ; 85                                    ; --            ; --             ; --             ;
; MIN_CORE_JUNCTION_TEMP                ; 0                                     ; --            ; --             ; --             ;
; PARTITION_COLOR                       ; 16764057                              ; --            ; InstrumentUnit ; Top            ;
; PARTITION_FITTER_PRESERVATION_LEVEL   ; PLACEMENT_AND_ROUTING                 ; --            ; InstrumentUnit ; Top            ;
; PARTITION_NETLIST_TYPE                ; SOURCE                                ; --            ; InstrumentUnit ; Top            ;
; POWER_BOARD_THERMAL_MODEL             ; None (CONSERVATIVE)                   ; --            ; --             ; --             ;
; POWER_PRESET_COOLING_SOLUTION         ; 23 MM HEAT SINK WITH 200 LFPM AIRFLOW ; --            ; --             ; --             ;
; PROJECT_OUTPUT_DIRECTORY              ; output_files                          ; --            ; --             ; --             ;
; SMART_RECOMPILE                       ; On                                    ; Off           ; --             ; --             ;
; TOP_LEVEL_ENTITY                      ; InstrumentUnit                        ; Apollo_8      ; --             ; --             ;
; USE_DLL_FREQUENCY_FOR_DQS_DELAY_CHAIN ; On                                    ; Off           ; --             ; --             ;
+---------------------------------------+---------------------------------------+---------------+----------------+----------------+


+-------------------------------------------------------------------------------------------------------------------------------+
; Flow Elapsed Time                                                                                                             ;
+---------------------------+--------------+-------------------------+---------------------+------------------------------------+
; Module Name               ; Elapsed Time ; Average Processors Used ; Peak Virtual Memory ; Total CPU Time (on all processors) ;
+---------------------------+--------------+-------------------------+---------------------+------------------------------------+
; Analysis & Synthesis      ; 00:02:34     ; 1.0                     ; 1504 MB             ; 00:05:36                           ;
; Fitter                    ; 00:02:50     ; 1.4                     ; 3932 MB             ; 00:04:26                           ;
; Assembler                 ; 00:00:13     ; 1.0                     ; 1120 MB             ; 00:00:12                           ;
; TimeQuest Timing Analyzer ; 00:01:16     ; 2.2                     ; 2894 MB             ; 00:01:36                           ;
; EDA Netlist Writer        ; 00:00:04     ; 1.0                     ; 1468 MB             ; 00:00:04                           ;
; Total                     ; 00:06:57     ; --                      ; --                  ; 00:11:54                           ;
+---------------------------+--------------+-------------------------+---------------------+------------------------------------+


+------------------------------------------------------------------------------------------+
; Flow OS Summary                                                                          ;
+---------------------------+------------------+-------------+------------+----------------+
; Module Name               ; Machine Hostname ; OS Name     ; OS Version ; Processor type ;
+---------------------------+------------------+-------------+------------+----------------+
; Analysis & Synthesis      ; fl-eln-tec05     ; Fedora Core ; 20         ; x86_64         ;
; Fitter                    ; fl-eln-tec05     ; Fedora Core ; 20         ; x86_64         ;
; Assembler                 ; fl-eln-tec05     ; Fedora Core ; 20         ; x86_64         ;
; TimeQuest Timing Analyzer ; fl-eln-tec05     ; Fedora Core ; 20         ; x86_64         ;
; EDA Netlist Writer        ; fl-eln-tec05     ; Fedora Core ; 20         ; x86_64         ;
+---------------------------+------------------+-------------+------------+----------------+


------------
; Flow Log ;
------------
quartus_map --read_settings_files=on --write_settings_files=off Apollo_8 -c Apollo_8
quartus_fit --read_settings_files=off --write_settings_files=off Apollo_8 -c Apollo_8
quartus_asm --read_settings_files=off --write_settings_files=off Apollo_8 -c Apollo_8
quartus_sta Apollo_8 -c Apollo_8
quartus_eda --read_settings_files=off --write_settings_files=off Apollo_8 -c Apollo_8



