Flow report for Apollo_9
Tue Jun  2 11:16:48 2015
Quartus II 64-Bit Version 14.1.1 Build 190 01/19/2015 SJ Full Version


---------------------
; Table of Contents ;
---------------------
  1. Legal Notice
  2. Flow Summary
  3. Flow Settings
  4. Flow Non-Default Global Settings
  5. Flow Elapsed Time
  6. Flow OS Summary
  7. Flow Log
  8. Flow Messages
  9. Flow Suppressed Messages



----------------
; Legal Notice ;
----------------
Copyright (C) 1991-2015 Altera Corporation. All rights reserved.
Your use of Altera Corporation's design tools, logic functions 
and other software and tools, and its AMPP partner logic 
functions, and any output files from any of the foregoing 
(including device programming or simulation files), and any 
associated documentation or information are expressly subject 
to the terms and conditions of the Altera Program License 
Subscription Agreement, the Altera Quartus II License Agreement,
the Altera MegaCore Function License Agreement, or other 
applicable license agreement, including, without limitation, 
that your use is for the sole purpose of programming logic 
devices manufactured by Altera and sold by Altera or its 
authorized distributors.  Please refer to the applicable 
agreement for further details.



+-------------------------------------------------------------------------------+
; Flow Summary                                                                  ;
+---------------------------------+---------------------------------------------+
; Flow Status                     ; Successful - Tue Jun  2 11:16:48 2015       ;
; Quartus II 64-Bit Version       ; 14.1.1 Build 190 01/19/2015 SJ Full Version ;
; Revision Name                   ; Apollo_9                                    ;
; Top-level Entity Name           ; god_bless_apollo                            ;
; Family                          ; Cyclone V                                   ;
; Device                          ; 5CSXFC6D6F31C8ES                            ;
; Timing Models                   ; Preliminary                                 ;
; Logic utilization (in ALMs)     ; 2,291 / 41,910 ( 5 % )                      ;
; Total registers                 ; 3386                                        ;
; Total pins                      ; 144 / 499 ( 29 % )                          ;
; Total virtual pins              ; 0                                           ;
; Total block memory bits         ; 207,552 / 5,662,720 ( 4 % )                 ;
; Total DSP Blocks                ; 0 / 112 ( 0 % )                             ;
; Total HSSI RX PCSs              ; 0 / 9 ( 0 % )                               ;
; Total HSSI PMA RX Deserializers ; 0 / 9 ( 0 % )                               ;
; Total HSSI TX PCSs              ; 0 / 9 ( 0 % )                               ;
; Total HSSI PMA TX Serializers   ; 0 / 9 ( 0 % )                               ;
; Total PLLs                      ; 2 / 15 ( 13 % )                             ;
; Total DLLs                      ; 2 / 4 ( 50 % )                              ;
+---------------------------------+---------------------------------------------+


+-----------------------------------------+
; Flow Settings                           ;
+-------------------+---------------------+
; Option            ; Setting             ;
+-------------------+---------------------+
; Start date & time ; 06/02/2015 11:07:27 ;
; Main task         ; Compilation         ;
; Revision Name     ; Apollo_9            ;
+-------------------+---------------------+


+-----------------------------------------------------------------------------------------------------------------------------------+
; Flow Non-Default Global Settings                                                                                                  ;
+---------------------------------------+---------------------------------------+---------------+------------------+----------------+
; Assignment Name                       ; Value                                 ; Default Value ; Entity Name      ; Section Id     ;
+---------------------------------------+---------------------------------------+---------------+------------------+----------------+
; COMPILER_SIGNATURE_ID                 ; 0.143325404411733                     ; --            ; --               ; --             ;
; ECO_REGENERATE_REPORT                 ; On                                    ; Off           ; --               ; --             ;
; EDA_OUTPUT_DATA_FORMAT                ; Vhdl                                  ; --            ; --               ; eda_simulation ;
; EDA_SIMULATION_TOOL                   ; ModelSim-Altera (VHDL)                ; <None>        ; --               ; --             ;
; MAX_CORE_JUNCTION_TEMP                ; 85                                    ; --            ; --               ; --             ;
; MIN_CORE_JUNCTION_TEMP                ; 0                                     ; --            ; --               ; --             ;
; MISC_FILE                             ; ap.cmp                                ; --            ; --               ; --             ;
; NUM_PARALLEL_PROCESSORS               ; All                                   ; --            ; --               ; --             ;
; PARTITION_COLOR                       ; 16764057                              ; --            ; god_bless_apollo ; Top            ;
; PARTITION_FITTER_PRESERVATION_LEVEL   ; PLACEMENT_AND_ROUTING                 ; --            ; god_bless_apollo ; Top            ;
; PARTITION_NETLIST_TYPE                ; SOURCE                                ; --            ; god_bless_apollo ; Top            ;
; POWER_BOARD_THERMAL_MODEL             ; None (CONSERVATIVE)                   ; --            ; --               ; --             ;
; POWER_PRESET_COOLING_SOLUTION         ; 23 MM HEAT SINK WITH 200 LFPM AIRFLOW ; --            ; --               ; --             ;
; PROJECT_OUTPUT_DIRECTORY              ; output_files                          ; --            ; --               ; --             ;
; SMART_RECOMPILE                       ; On                                    ; Off           ; --               ; --             ;
; TOP_LEVEL_ENTITY                      ; god_bless_apollo                      ; Apollo_9      ; --               ; --             ;
; USE_DLL_FREQUENCY_FOR_DQS_DELAY_CHAIN ; On                                    ; Off           ; --               ; --             ;
+---------------------------------------+---------------------------------------+---------------+------------------+----------------+


+-------------------------------------------------------------------------------------------------------------------------------+
; Flow Elapsed Time                                                                                                             ;
+---------------------------+--------------+-------------------------+---------------------+------------------------------------+
; Module Name               ; Elapsed Time ; Average Processors Used ; Peak Virtual Memory ; Total CPU Time (on all processors) ;
+---------------------------+--------------+-------------------------+---------------------+------------------------------------+
; Analysis & Synthesis      ; 00:02:31     ; 1.0                     ; 1550 MB             ; 00:05:24                           ;
; Fitter                    ; 00:04:54     ; 1.7                     ; 3949 MB             ; 00:05:42                           ;
; Assembler                 ; 00:00:12     ; 1.0                     ; 1110 MB             ; 00:00:12                           ;
; TimeQuest Timing Analyzer ; 00:01:08     ; 2.4                     ; 2906 MB             ; 00:01:31                           ;
; EDA Netlist Writer        ; 00:00:04     ; 1.0                     ; 1473 MB             ; 00:00:04                           ;
; Total                     ; 00:08:49     ; --                      ; --                  ; 00:12:53                           ;
+---------------------------+--------------+-------------------------+---------------------+------------------------------------+


+------------------------------------------------------------------------------------------+
; Flow OS Summary                                                                          ;
+---------------------------+------------------+-------------+------------+----------------+
; Module Name               ; Machine Hostname ; OS Name     ; OS Version ; Processor type ;
+---------------------------+------------------+-------------+------------+----------------+
; Analysis & Synthesis      ; fl-eln-tec05     ; Fedora Core ; 20         ; x86_64         ;
; Fitter                    ; fl-eln-tec05     ; Fedora Core ; 20         ; x86_64         ;
; Assembler                 ; fl-eln-tec05     ; Fedora Core ; 20         ; x86_64         ;
; TimeQuest Timing Analyzer ; fl-eln-tec05     ; Fedora Core ; 20         ; x86_64         ;
; EDA Netlist Writer        ; fl-eln-tec05     ; Fedora Core ; 20         ; x86_64         ;
+---------------------------+------------------+-------------+------------+----------------+


------------
; Flow Log ;
------------
quartus_map --read_settings_files=on --write_settings_files=off Apollo_9 -c Apollo_9
quartus_fit --read_settings_files=off --write_settings_files=off Apollo_9 -c Apollo_9
quartus_asm --read_settings_files=off --write_settings_files=off Apollo_9 -c Apollo_9
quartus_sta Apollo_9 -c Apollo_9
quartus_eda --read_settings_files=off --write_settings_files=off Apollo_9 -c Apollo_9



